<?xml version="1.0" encoding="UTF-8"?>
<testsuite xmlns:xsi="http://www.w3.org/2001/XMLSchema-instance" xsi:noNamespaceSchemaLocation="https://maven.apache.org/surefire/maven-surefire-plugin/xsd/surefire-test-report.xsd" name="com.example.rabbit.RabbitApplicationTests" time="5.488" tests="1" errors="0" skipped="0" failures="0">
  <properties>
    <property name="sun.desktop" value="windows"/>
    <property name="awt.toolkit" value="sun.awt.windows.WToolkit"/>
    <property name="file.encoding.pkg" value="sun.io"/>
    <property name="java.specification.version" value="1.8"/>
    <property name="sun.cpu.isalist" value="amd64"/>
    <property name="sun.jnu.encoding" value="GBK"/>
    <property name="java.class.path" value="E:\studysplace\rabbitMQ\rabbitMQDemo\rabbit\target\test-classes;E:\studysplace\rabbitMQ\rabbitMQDemo\rabbit\target\classes;E:\CP-Maven\org\springframework\boot\spring-boot-starter-amqp\2.0.1.RELEASE\spring-boot-starter-amqp-2.0.1.RELEASE.jar;E:\CP-Maven\org\springframework\boot\spring-boot-starter\2.0.1.RELEASE\spring-boot-starter-2.0.1.RELEASE.jar;E:\CP-Maven\org\springframework\boot\spring-boot\2.0.1.RELEASE\spring-boot-2.0.1.RELEASE.jar;E:\CP-Maven\org\springframework\boot\spring-boot-autoconfigure\2.0.1.RELEASE\spring-boot-autoconfigure-2.0.1.RELEASE.jar;E:\CP-Maven\org\springframework\boot\spring-boot-starter-logging\2.0.1.RELEASE\spring-boot-starter-logging-2.0.1.RELEASE.jar;E:\CP-Maven\ch\qos\logback\logback-classic\1.2.3\logback-classic-1.2.3.jar;E:\CP-Maven\ch\qos\logback\logback-core\1.2.3\logback-core-1.2.3.jar;E:\CP-Maven\org\apache\logging\log4j\log4j-to-slf4j\2.10.0\log4j-to-slf4j-2.10.0.jar;E:\CP-Maven\org\apache\logging\log4j\log4j-api\2.10.0\log4j-api-2.10.0.jar;E:\CP-Maven\org\slf4j\jul-to-slf4j\1.7.25\jul-to-slf4j-1.7.25.jar;E:\CP-Maven\javax\annotation\javax.annotation-api\1.3.2\javax.annotation-api-1.3.2.jar;E:\CP-Maven\org\yaml\snakeyaml\1.19\snakeyaml-1.19.jar;E:\CP-Maven\org\springframework\spring-messaging\5.0.5.RELEASE\spring-messaging-5.0.5.RELEASE.jar;E:\CP-Maven\org\springframework\spring-beans\5.0.5.RELEASE\spring-beans-5.0.5.RELEASE.jar;E:\CP-Maven\org\springframework\amqp\spring-rabbit\2.0.3.RELEASE\spring-rabbit-2.0.3.RELEASE.jar;E:\CP-Maven\org\springframework\amqp\spring-amqp\2.0.3.RELEASE\spring-amqp-2.0.3.RELEASE.jar;E:\CP-Maven\com\rabbitmq\http-client\2.0.1.RELEASE\http-client-2.0.1.RELEASE.jar;E:\CP-Maven\org\springframework\spring-webflux\5.0.5.RELEASE\spring-webflux-5.0.5.RELEASE.jar;E:\CP-Maven\io\projectreactor\reactor-core\3.1.6.RELEASE\reactor-core-3.1.6.RELEASE.jar;E:\CP-Maven\org\reactivestreams\reactive-streams\1.0.2\reactive-streams-1.0.2.jar;E:\CP-Maven\org\apache\httpcomponents\httpclient\4.5.5\httpclient-4.5.5.jar;E:\CP-Maven\org\apache\httpcomponents\httpcore\4.4.9\httpcore-4.4.9.jar;E:\CP-Maven\commons-codec\commons-codec\1.11\commons-codec-1.11.jar;E:\CP-Maven\io\projectreactor\ipc\reactor-netty\0.7.6.RELEASE\reactor-netty-0.7.6.RELEASE.jar;E:\CP-Maven\io\netty\netty-codec-http\4.1.23.Final\netty-codec-http-4.1.23.Final.jar;E:\CP-Maven\io\netty\netty-codec\4.1.23.Final\netty-codec-4.1.23.Final.jar;E:\CP-Maven\io\netty\netty-handler\4.1.23.Final\netty-handler-4.1.23.Final.jar;E:\CP-Maven\io\netty\netty-buffer\4.1.23.Final\netty-buffer-4.1.23.Final.jar;E:\CP-Maven\io\netty\netty-transport\4.1.23.Final\netty-transport-4.1.23.Final.jar;E:\CP-Maven\io\netty\netty-resolver\4.1.23.Final\netty-resolver-4.1.23.Final.jar;E:\CP-Maven\io\netty\netty-handler-proxy\4.1.23.Final\netty-handler-proxy-4.1.23.Final.jar;E:\CP-Maven\io\netty\netty-codec-socks\4.1.23.Final\netty-codec-socks-4.1.23.Final.jar;E:\CP-Maven\io\netty\netty-transport-native-epoll\4.1.23.Final\netty-transport-native-epoll-4.1.23.Final.jar;E:\CP-Maven\io\netty\netty-common\4.1.23.Final\netty-common-4.1.23.Final.jar;E:\CP-Maven\io\netty\netty-transport-native-unix-common\4.1.23.Final\netty-transport-native-unix-common-4.1.23.Final.jar;E:\CP-Maven\org\springframework\spring-context\5.0.5.RELEASE\spring-context-5.0.5.RELEASE.jar;E:\CP-Maven\org\springframework\spring-tx\5.0.5.RELEASE\spring-tx-5.0.5.RELEASE.jar;E:\CP-Maven\org\springframework\retry\spring-retry\1.2.2.RELEASE\spring-retry-1.2.2.RELEASE.jar;E:\CP-Maven\com\alibaba\fastjson\1.1.42\fastjson-1.1.42.jar;E:\CP-Maven\junit\junit\4.12\junit-4.12.jar;E:\CP-Maven\org\hamcrest\hamcrest-core\1.3\hamcrest-core-1.3.jar;E:\CP-Maven\org\springframework\boot\spring-boot-starter-data-jpa\2.0.1.RELEASE\spring-boot-starter-data-jpa-2.0.1.RELEASE.jar;E:\CP-Maven\org\springframework\boot\spring-boot-starter-aop\2.0.1.RELEASE\spring-boot-starter-aop-2.0.1.RELEASE.jar;E:\CP-Maven\org\springframework\spring-aop\5.0.5.RELEASE\spring-aop-5.0.5.RELEASE.jar;E:\CP-Maven\org\aspectj\aspectjweaver\1.8.13\aspectjweaver-1.8.13.jar;E:\CP-Maven\org\springframework\boot\spring-boot-starter-jdbc\2.0.1.RELEASE\spring-boot-starter-jdbc-2.0.1.RELEASE.jar;E:\CP-Maven\com\zaxxer\HikariCP\2.7.8\HikariCP-2.7.8.jar;E:\CP-Maven\org\springframework\spring-jdbc\5.0.5.RELEASE\spring-jdbc-5.0.5.RELEASE.jar;E:\CP-Maven\org\hibernate\hibernate-core\5.2.16.Final\hibernate-core-5.2.16.Final.jar;E:\CP-Maven\org\jboss\logging\jboss-logging\3.3.2.Final\jboss-logging-3.3.2.Final.jar;E:\CP-Maven\org\hibernate\javax\persistence\hibernate-jpa-2.1-api\1.0.0.Final\hibernate-jpa-2.1-api-1.0.0.Final.jar;E:\CP-Maven\org\javassist\javassist\3.22.0-GA\javassist-3.22.0-GA.jar;E:\CP-Maven\antlr\antlr\2.7.7\antlr-2.7.7.jar;E:\CP-Maven\org\jboss\jandex\2.0.3.Final\jandex-2.0.3.Final.jar;E:\CP-Maven\com\fasterxml\classmate\1.3.4\classmate-1.3.4.jar;E:\CP-Maven\dom4j\dom4j\1.6.1\dom4j-1.6.1.jar;E:\CP-Maven\org\hibernate\common\hibernate-commons-annotations\5.0.1.Final\hibernate-commons-annotations-5.0.1.Final.jar;E:\CP-Maven\javax\transaction\javax.transaction-api\1.2\javax.transaction-api-1.2.jar;E:\CP-Maven\org\springframework\data\spring-data-jpa\2.0.6.RELEASE\spring-data-jpa-2.0.6.RELEASE.jar;E:\CP-Maven\org\springframework\data\spring-data-commons\2.0.6.RELEASE\spring-data-commons-2.0.6.RELEASE.jar;E:\CP-Maven\org\springframework\spring-orm\5.0.5.RELEASE\spring-orm-5.0.5.RELEASE.jar;E:\CP-Maven\org\springframework\spring-aspects\5.0.5.RELEASE\spring-aspects-5.0.5.RELEASE.jar;E:\CP-Maven\mysql\mysql-connector-java\5.1.46\mysql-connector-java-5.1.46.jar;E:\CP-Maven\org\springframework\boot\spring-boot-starter-web\2.0.1.RELEASE\spring-boot-starter-web-2.0.1.RELEASE.jar;E:\CP-Maven\org\springframework\boot\spring-boot-starter-json\2.0.1.RELEASE\spring-boot-starter-json-2.0.1.RELEASE.jar;E:\CP-Maven\com\fasterxml\jackson\core\jackson-databind\2.9.5\jackson-databind-2.9.5.jar;E:\CP-Maven\com\fasterxml\jackson\core\jackson-annotations\2.9.0\jackson-annotations-2.9.0.jar;E:\CP-Maven\com\fasterxml\jackson\core\jackson-core\2.9.5\jackson-core-2.9.5.jar;E:\CP-Maven\com\fasterxml\jackson\datatype\jackson-datatype-jdk8\2.9.5\jackson-datatype-jdk8-2.9.5.jar;E:\CP-Maven\com\fasterxml\jackson\datatype\jackson-datatype-jsr310\2.9.5\jackson-datatype-jsr310-2.9.5.jar;E:\CP-Maven\com\fasterxml\jackson\module\jackson-module-parameter-names\2.9.5\jackson-module-parameter-names-2.9.5.jar;E:\CP-Maven\org\springframework\boot\spring-boot-starter-tomcat\2.0.1.RELEASE\spring-boot-starter-tomcat-2.0.1.RELEASE.jar;E:\CP-Maven\org\apache\tomcat\embed\tomcat-embed-core\8.5.29\tomcat-embed-core-8.5.29.jar;E:\CP-Maven\org\apache\tomcat\embed\tomcat-embed-el\8.5.29\tomcat-embed-el-8.5.29.jar;E:\CP-Maven\org\apache\tomcat\embed\tomcat-embed-websocket\8.5.29\tomcat-embed-websocket-8.5.29.jar;E:\CP-Maven\org\hibernate\validator\hibernate-validator\6.0.9.Final\hibernate-validator-6.0.9.Final.jar;E:\CP-Maven\javax\validation\validation-api\2.0.1.Final\validation-api-2.0.1.Final.jar;E:\CP-Maven\org\springframework\spring-web\5.0.5.RELEASE\spring-web-5.0.5.RELEASE.jar;E:\CP-Maven\org\springframework\spring-webmvc\5.0.5.RELEASE\spring-webmvc-5.0.5.RELEASE.jar;E:\CP-Maven\org\springframework\spring-expression\5.0.5.RELEASE\spring-expression-5.0.5.RELEASE.jar;E:\CP-Maven\org\springframework\boot\spring-boot-starter-test\2.0.1.RELEASE\spring-boot-starter-test-2.0.1.RELEASE.jar;E:\CP-Maven\org\springframework\boot\spring-boot-test\2.0.1.RELEASE\spring-boot-test-2.0.1.RELEASE.jar;E:\CP-Maven\org\springframework\boot\spring-boot-test-autoconfigure\2.0.1.RELEASE\spring-boot-test-autoconfigure-2.0.1.RELEASE.jar;E:\CP-Maven\com\jayway\jsonpath\json-path\2.4.0\json-path-2.4.0.jar;E:\CP-Maven\net\minidev\json-smart\2.3\json-smart-2.3.jar;E:\CP-Maven\net\minidev\accessors-smart\1.2\accessors-smart-1.2.jar;E:\CP-Maven\org\ow2\asm\asm\5.0.4\asm-5.0.4.jar;E:\CP-Maven\org\assertj\assertj-core\3.9.1\assertj-core-3.9.1.jar;E:\CP-Maven\org\mockito\mockito-core\2.15.0\mockito-core-2.15.0.jar;E:\CP-Maven\net\bytebuddy\byte-buddy\1.7.11\byte-buddy-1.7.11.jar;E:\CP-Maven\net\bytebuddy\byte-buddy-agent\1.7.11\byte-buddy-agent-1.7.11.jar;E:\CP-Maven\org\objenesis\objenesis\2.6\objenesis-2.6.jar;E:\CP-Maven\org\hamcrest\hamcrest-library\1.3\hamcrest-library-1.3.jar;E:\CP-Maven\org\skyscreamer\jsonassert\1.5.0\jsonassert-1.5.0.jar;E:\CP-Maven\com\vaadin\external\google\android-json\0.0.20131108.vaadin1\android-json-0.0.20131108.vaadin1.jar;E:\CP-Maven\org\springframework\spring-core\5.0.5.RELEASE\spring-core-5.0.5.RELEASE.jar;E:\CP-Maven\org\springframework\spring-jcl\5.0.5.RELEASE\spring-jcl-5.0.5.RELEASE.jar;E:\CP-Maven\org\springframework\spring-test\5.0.5.RELEASE\spring-test-5.0.5.RELEASE.jar;E:\CP-Maven\org\xmlunit\xmlunit-core\2.5.1\xmlunit-core-2.5.1.jar;E:\CP-Maven\com\rabbitmq\amqp-client\4.1.0\amqp-client-4.1.0.jar;E:\CP-Maven\org\slf4j\slf4j-api\1.7.25\slf4j-api-1.7.25.jar;"/>
    <property name="java.vm.vendor" value="Oracle Corporation"/>
    <property name="sun.arch.data.model" value="64"/>
    <property name="user.variant" value=""/>
    <property name="java.vendor.url" value="http://java.oracle.com/"/>
    <property name="user.timezone" value=""/>
    <property name="java.vm.specification.version" value="1.8"/>
    <property name="os.name" value="Windows 10"/>
    <property name="user.country" value="CN"/>
    <property name="sun.java.launcher" value="SUN_STANDARD"/>
    <property name="sun.boot.library.path" value="C:\Program Files\JAVA\jdk1.8.0_191\jre\bin"/>
    <property name="sun.java.command" value="C:\Users\18325\AppData\Local\Temp\surefire5104468068143026285\surefirebooter4330628121834029502.jar C:\Users\18325\AppData\Local\Temp\surefire5104468068143026285 2018-11-30T11-13-34_916-jvmRun1 surefire2338424958845671668tmp surefire_03730295724674922574tmp"/>
    <property name="surefire.test.class.path" value="E:\studysplace\rabbitMQ\rabbitMQDemo\rabbit\target\test-classes;E:\studysplace\rabbitMQ\rabbitMQDemo\rabbit\target\classes;E:\CP-Maven\org\springframework\boot\spring-boot-starter-amqp\2.0.1.RELEASE\spring-boot-starter-amqp-2.0.1.RELEASE.jar;E:\CP-Maven\org\springframework\boot\spring-boot-starter\2.0.1.RELEASE\spring-boot-starter-2.0.1.RELEASE.jar;E:\CP-Maven\org\springframework\boot\spring-boot\2.0.1.RELEASE\spring-boot-2.0.1.RELEASE.jar;E:\CP-Maven\org\springframework\boot\spring-boot-autoconfigure\2.0.1.RELEASE\spring-boot-autoconfigure-2.0.1.RELEASE.jar;E:\CP-Maven\org\springframework\boot\spring-boot-starter-logging\2.0.1.RELEASE\spring-boot-starter-logging-2.0.1.RELEASE.jar;E:\CP-Maven\ch\qos\logback\logback-classic\1.2.3\logback-classic-1.2.3.jar;E:\CP-Maven\ch\qos\logback\logback-core\1.2.3\logback-core-1.2.3.jar;E:\CP-Maven\org\apache\logging\log4j\log4j-to-slf4j\2.10.0\log4j-to-slf4j-2.10.0.jar;E:\CP-Maven\org\apache\logging\log4j\log4j-api\2.10.0\log4j-api-2.10.0.jar;E:\CP-Maven\org\slf4j\jul-to-slf4j\1.7.25\jul-to-slf4j-1.7.25.jar;E:\CP-Maven\javax\annotation\javax.annotation-api\1.3.2\javax.annotation-api-1.3.2.jar;E:\CP-Maven\org\yaml\snakeyaml\1.19\snakeyaml-1.19.jar;E:\CP-Maven\org\springframework\spring-messaging\5.0.5.RELEASE\spring-messaging-5.0.5.RELEASE.jar;E:\CP-Maven\org\springframework\spring-beans\5.0.5.RELEASE\spring-beans-5.0.5.RELEASE.jar;E:\CP-Maven\org\springframework\amqp\spring-rabbit\2.0.3.RELEASE\spring-rabbit-2.0.3.RELEASE.jar;E:\CP-Maven\org\springframework\amqp\spring-amqp\2.0.3.RELEASE\spring-amqp-2.0.3.RELEASE.jar;E:\CP-Maven\com\rabbitmq\http-client\2.0.1.RELEASE\http-client-2.0.1.RELEASE.jar;E:\CP-Maven\org\springframework\spring-webflux\5.0.5.RELEASE\spring-webflux-5.0.5.RELEASE.jar;E:\CP-Maven\io\projectreactor\reactor-core\3.1.6.RELEASE\reactor-core-3.1.6.RELEASE.jar;E:\CP-Maven\org\reactivestreams\reactive-streams\1.0.2\reactive-streams-1.0.2.jar;E:\CP-Maven\org\apache\httpcomponents\httpclient\4.5.5\httpclient-4.5.5.jar;E:\CP-Maven\org\apache\httpcomponents\httpcore\4.4.9\httpcore-4.4.9.jar;E:\CP-Maven\commons-codec\commons-codec\1.11\commons-codec-1.11.jar;E:\CP-Maven\io\projectreactor\ipc\reactor-netty\0.7.6.RELEASE\reactor-netty-0.7.6.RELEASE.jar;E:\CP-Maven\io\netty\netty-codec-http\4.1.23.Final\netty-codec-http-4.1.23.Final.jar;E:\CP-Maven\io\netty\netty-codec\4.1.23.Final\netty-codec-4.1.23.Final.jar;E:\CP-Maven\io\netty\netty-handler\4.1.23.Final\netty-handler-4.1.23.Final.jar;E:\CP-Maven\io\netty\netty-buffer\4.1.23.Final\netty-buffer-4.1.23.Final.jar;E:\CP-Maven\io\netty\netty-transport\4.1.23.Final\netty-transport-4.1.23.Final.jar;E:\CP-Maven\io\netty\netty-resolver\4.1.23.Final\netty-resolver-4.1.23.Final.jar;E:\CP-Maven\io\netty\netty-handler-proxy\4.1.23.Final\netty-handler-proxy-4.1.23.Final.jar;E:\CP-Maven\io\netty\netty-codec-socks\4.1.23.Final\netty-codec-socks-4.1.23.Final.jar;E:\CP-Maven\io\netty\netty-transport-native-epoll\4.1.23.Final\netty-transport-native-epoll-4.1.23.Final.jar;E:\CP-Maven\io\netty\netty-common\4.1.23.Final\netty-common-4.1.23.Final.jar;E:\CP-Maven\io\netty\netty-transport-native-unix-common\4.1.23.Final\netty-transport-native-unix-common-4.1.23.Final.jar;E:\CP-Maven\org\springframework\spring-context\5.0.5.RELEASE\spring-context-5.0.5.RELEASE.jar;E:\CP-Maven\org\springframework\spring-tx\5.0.5.RELEASE\spring-tx-5.0.5.RELEASE.jar;E:\CP-Maven\org\springframework\retry\spring-retry\1.2.2.RELEASE\spring-retry-1.2.2.RELEASE.jar;E:\CP-Maven\com\alibaba\fastjson\1.1.42\fastjson-1.1.42.jar;E:\CP-Maven\junit\junit\4.12\junit-4.12.jar;E:\CP-Maven\org\hamcrest\hamcrest-core\1.3\hamcrest-core-1.3.jar;E:\CP-Maven\org\springframework\boot\spring-boot-starter-data-jpa\2.0.1.RELEASE\spring-boot-starter-data-jpa-2.0.1.RELEASE.jar;E:\CP-Maven\org\springframework\boot\spring-boot-starter-aop\2.0.1.RELEASE\spring-boot-starter-aop-2.0.1.RELEASE.jar;E:\CP-Maven\org\springframework\spring-aop\5.0.5.RELEASE\spring-aop-5.0.5.RELEASE.jar;E:\CP-Maven\org\aspectj\aspectjweaver\1.8.13\aspectjweaver-1.8.13.jar;E:\CP-Maven\org\springframework\boot\spring-boot-starter-jdbc\2.0.1.RELEASE\spring-boot-starter-jdbc-2.0.1.RELEASE.jar;E:\CP-Maven\com\zaxxer\HikariCP\2.7.8\HikariCP-2.7.8.jar;E:\CP-Maven\org\springframework\spring-jdbc\5.0.5.RELEASE\spring-jdbc-5.0.5.RELEASE.jar;E:\CP-Maven\org\hibernate\hibernate-core\5.2.16.Final\hibernate-core-5.2.16.Final.jar;E:\CP-Maven\org\jboss\logging\jboss-logging\3.3.2.Final\jboss-logging-3.3.2.Final.jar;E:\CP-Maven\org\hibernate\javax\persistence\hibernate-jpa-2.1-api\1.0.0.Final\hibernate-jpa-2.1-api-1.0.0.Final.jar;E:\CP-Maven\org\javassist\javassist\3.22.0-GA\javassist-3.22.0-GA.jar;E:\CP-Maven\antlr\antlr\2.7.7\antlr-2.7.7.jar;E:\CP-Maven\org\jboss\jandex\2.0.3.Final\jandex-2.0.3.Final.jar;E:\CP-Maven\com\fasterxml\classmate\1.3.4\classmate-1.3.4.jar;E:\CP-Maven\dom4j\dom4j\1.6.1\dom4j-1.6.1.jar;E:\CP-Maven\org\hibernate\common\hibernate-commons-annotations\5.0.1.Final\hibernate-commons-annotations-5.0.1.Final.jar;E:\CP-Maven\javax\transaction\javax.transaction-api\1.2\javax.transaction-api-1.2.jar;E:\CP-Maven\org\springframework\data\spring-data-jpa\2.0.6.RELEASE\spring-data-jpa-2.0.6.RELEASE.jar;E:\CP-Maven\org\springframework\data\spring-data-commons\2.0.6.RELEASE\spring-data-commons-2.0.6.RELEASE.jar;E:\CP-Maven\org\springframework\spring-orm\5.0.5.RELEASE\spring-orm-5.0.5.RELEASE.jar;E:\CP-Maven\org\springframework\spring-aspects\5.0.5.RELEASE\spring-aspects-5.0.5.RELEASE.jar;E:\CP-Maven\mysql\mysql-connector-java\5.1.46\mysql-connector-java-5.1.46.jar;E:\CP-Maven\org\springframework\boot\spring-boot-starter-web\2.0.1.RELEASE\spring-boot-starter-web-2.0.1.RELEASE.jar;E:\CP-Maven\org\springframework\boot\spring-boot-starter-json\2.0.1.RELEASE\spring-boot-starter-json-2.0.1.RELEASE.jar;E:\CP-Maven\com\fasterxml\jackson\core\jackson-databind\2.9.5\jackson-databind-2.9.5.jar;E:\CP-Maven\com\fasterxml\jackson\core\jackson-annotations\2.9.0\jackson-annotations-2.9.0.jar;E:\CP-Maven\com\fasterxml\jackson\core\jackson-core\2.9.5\jackson-core-2.9.5.jar;E:\CP-Maven\com\fasterxml\jackson\datatype\jackson-datatype-jdk8\2.9.5\jackson-datatype-jdk8-2.9.5.jar;E:\CP-Maven\com\fasterxml\jackson\datatype\jackson-datatype-jsr310\2.9.5\jackson-datatype-jsr310-2.9.5.jar;E:\CP-Maven\com\fasterxml\jackson\module\jackson-module-parameter-names\2.9.5\jackson-module-parameter-names-2.9.5.jar;E:\CP-Maven\org\springframework\boot\spring-boot-starter-tomcat\2.0.1.RELEASE\spring-boot-starter-tomcat-2.0.1.RELEASE.jar;E:\CP-Maven\org\apache\tomcat\embed\tomcat-embed-core\8.5.29\tomcat-embed-core-8.5.29.jar;E:\CP-Maven\org\apache\tomcat\embed\tomcat-embed-el\8.5.29\tomcat-embed-el-8.5.29.jar;E:\CP-Maven\org\apache\tomcat\embed\tomcat-embed-websocket\8.5.29\tomcat-embed-websocket-8.5.29.jar;E:\CP-Maven\org\hibernate\validator\hibernate-validator\6.0.9.Final\hibernate-validator-6.0.9.Final.jar;E:\CP-Maven\javax\validation\validation-api\2.0.1.Final\validation-api-2.0.1.Final.jar;E:\CP-Maven\org\springframework\spring-web\5.0.5.RELEASE\spring-web-5.0.5.RELEASE.jar;E:\CP-Maven\org\springframework\spring-webmvc\5.0.5.RELEASE\spring-webmvc-5.0.5.RELEASE.jar;E:\CP-Maven\org\springframework\spring-expression\5.0.5.RELEASE\spring-expression-5.0.5.RELEASE.jar;E:\CP-Maven\org\springframework\boot\spring-boot-starter-test\2.0.1.RELEASE\spring-boot-starter-test-2.0.1.RELEASE.jar;E:\CP-Maven\org\springframework\boot\spring-boot-test\2.0.1.RELEASE\spring-boot-test-2.0.1.RELEASE.jar;E:\CP-Maven\org\springframework\boot\spring-boot-test-autoconfigure\2.0.1.RELEASE\spring-boot-test-autoconfigure-2.0.1.RELEASE.jar;E:\CP-Maven\com\jayway\jsonpath\json-path\2.4.0\json-path-2.4.0.jar;E:\CP-Maven\net\minidev\json-smart\2.3\json-smart-2.3.jar;E:\CP-Maven\net\minidev\accessors-smart\1.2\accessors-smart-1.2.jar;E:\CP-Maven\org\ow2\asm\asm\5.0.4\asm-5.0.4.jar;E:\CP-Maven\org\assertj\assertj-core\3.9.1\assertj-core-3.9.1.jar;E:\CP-Maven\org\mockito\mockito-core\2.15.0\mockito-core-2.15.0.jar;E:\CP-Maven\net\bytebuddy\byte-buddy\1.7.11\byte-buddy-1.7.11.jar;E:\CP-Maven\net\bytebuddy\byte-buddy-agent\1.7.11\byte-buddy-agent-1.7.11.jar;E:\CP-Maven\org\objenesis\objenesis\2.6\objenesis-2.6.jar;E:\CP-Maven\org\hamcrest\hamcrest-library\1.3\hamcrest-library-1.3.jar;E:\CP-Maven\org\skyscreamer\jsonassert\1.5.0\jsonassert-1.5.0.jar;E:\CP-Maven\com\vaadin\external\google\android-json\0.0.20131108.vaadin1\android-json-0.0.20131108.vaadin1.jar;E:\CP-Maven\org\springframework\spring-core\5.0.5.RELEASE\spring-core-5.0.5.RELEASE.jar;E:\CP-Maven\org\springframework\spring-jcl\5.0.5.RELEASE\spring-jcl-5.0.5.RELEASE.jar;E:\CP-Maven\org\springframework\spring-test\5.0.5.RELEASE\spring-test-5.0.5.RELEASE.jar;E:\CP-Maven\org\xmlunit\xmlunit-core\2.5.1\xmlunit-core-2.5.1.jar;E:\CP-Maven\com\rabbitmq\amqp-client\4.1.0\amqp-client-4.1.0.jar;E:\CP-Maven\org\slf4j\slf4j-api\1.7.25\slf4j-api-1.7.25.jar;"/>
    <property name="sun.cpu.endian" value="little"/>
    <property name="user.home" value="C:\Users\18325"/>
    <property name="user.language" value="zh"/>
    <property name="java.specification.vendor" value="Oracle Corporation"/>
    <property name="java.home" value="C:\Program Files\JAVA\jdk1.8.0_191\jre"/>
    <property name="basedir" value="E:\studysplace\rabbitMQ\rabbitMQDemo\rabbit"/>
    <property name="file.separator" value="\"/>
    <property name="line.separator" value="&#10;"/>
    <property name="java.vm.specification.vendor" value="Oracle Corporation"/>
    <property name="java.specification.name" value="Java Platform API Specification"/>
    <property name="java.awt.graphicsenv" value="sun.awt.Win32GraphicsEnvironment"/>
    <property name="uniauth.password" value="09e3f5369920f6923dbbdee3e688d288"/>
    <property name="surefire.real.class.path" value="C:\Users\18325\AppData\Local\Temp\surefire5104468068143026285\surefirebooter4330628121834029502.jar"/>
    <property name="uniauth.username" value="DTYUNXI.wu.kainian"/>
    <property name="sun.boot.class.path" value="C:\Program Files\JAVA\jdk1.8.0_191\jre\lib\resources.jar;C:\Program Files\JAVA\jdk1.8.0_191\jre\lib\rt.jar;C:\Program Files\JAVA\jdk1.8.0_191\jre\lib\sunrsasign.jar;C:\Program Files\JAVA\jdk1.8.0_191\jre\lib\jsse.jar;C:\Program Files\JAVA\jdk1.8.0_191\jre\lib\jce.jar;C:\Program Files\JAVA\jdk1.8.0_191\jre\lib\charsets.jar;C:\Program Files\JAVA\jdk1.8.0_191\jre\lib\jfr.jar;C:\Program Files\JAVA\jdk1.8.0_191\jre\classes"/>
    <property name="user.script" value=""/>
    <property name="sun.management.compiler" value="HotSpot 64-Bit Tiered Compilers"/>
    <property name="java.runtime.version" value="1.8.0_191-b12"/>
    <property name="user.name" value="18325"/>
    <property name="path.separator" value=";"/>
    <property name="uniauth.crypt" value="Basic RFRZVU5YSS53dS5rYWluaWFuOjA5ZTNmNTM2OTkyMGY2OTIzZGJiZGVlM2U2ODhkMjg4"/>
    <property name="os.version" value="10.0"/>
    <property name="java.endorsed.dirs" value="C:\Program Files\JAVA\jdk1.8.0_191\jre\lib\endorsed"/>
    <property name="java.runtime.name" value="Java(TM) SE Runtime Environment"/>
    <property name="file.encoding" value="GBK"/>
    <property name="java.vm.name" value="Java HotSpot(TM) 64-Bit Server VM"/>
    <property name="localRepository" value="E:\CP-Maven"/>
    <property name="java.vendor.url.bug" value="http://bugreport.sun.com/bugreport/"/>
    <property name="java.io.tmpdir" value="C:\Users\18325\AppData\Local\Temp\"/>
    <property name="idea.version" value="2018.1.6"/>
    <property name="java.version" value="1.8.0_191"/>
    <property name="user.dir" value="E:\studysplace\rabbitMQ\rabbitMQDemo\rabbit"/>
    <property name="os.arch" value="amd64"/>
    <property name="java.vm.specification.name" value="Java Virtual Machine Specification"/>
    <property name="java.awt.printerjob" value="sun.awt.windows.WPrinterJob"/>
    <property name="sun.os.patch.level" value=""/>
    <property name="java.library.path" value="C:\Program Files\JAVA\jdk1.8.0_191\jre\bin;C:\Windows\Sun\Java\bin;C:\Windows\system32;C:\Windows;E:\app\root\product\12.1.0\dbhome_1\bin;C:\Program Files (x86)\Common Files\Oracle\Java\javapath;C:\Windows\system32;C:\Windows;C:\Windows\System32\Wbem;C:\Windows\System32\WindowsPowerShell\v1.0\;C:\Windows\System32\OpenSSH\;C:\Program Files\Intel\WiFi\bin\;C:\Program Files\Common Files\Intel\WirelessCommon\;C:\Program Files (x86)\NVIDIA Corporation\PhysX\Common;C:\Program Files\JAVA\jdk1.8.0_191\bin;D:\Program Files\app\maven\apache-maven-3.6.0\bin;C:\Program Files\JAVA\jdk1.8.0_191\jre\bin;C:\Program Files\MySQL\MySQL Utilities 1.6\;C:\Program Files\TortoiseSVN\bin;&quot;D:\Program Files\app\Tomcat\apache-tomcat-9.0.13\lib;D:\Program Files\app\Tomcat\apache-tomcat-9.0.13\bin&quot;;D:\Program Files\app\plsqldeveloper\PLSQL Developer\instantclient_11_2;D:\Program Files\app\Git\Git\cmd;D:\Program Files\app\RabbitMQ\Erlang\erl9.0\bin;D:\Program Files\app\Apache JMeter\apache-jmeter-5.0\bin;C:\Users\18325\AppData\Local\Microsoft\WindowsApps;;."/>
    <property name="java.vm.info" value="mixed mode"/>
    <property name="java.vendor" value="Oracle Corporation"/>
    <property name="java.vm.version" value="25.191-b12"/>
    <property name="java.ext.dirs" value="C:\Program Files\JAVA\jdk1.8.0_191\jre\lib\ext;C:\Windows\Sun\Java\lib\ext"/>
    <property name="sun.io.unicode.encoding" value="UnicodeLittle"/>
    <property name="maven.repo.local" value="E:\CP-Maven"/>
    <property name="java.class.version" value="52.0"/>
  </properties>
  <testcase name="contextLoads" classname="com.example.rabbit.RabbitApplicationTests" time="0.119"/>
</testsuite>